[19-Feb-2023 04:25:17] NOTICE: fpm is running, pid 17840
[19-Feb-2023 04:25:17] NOTICE: ready to handle connections
[19-Feb-2023 17:54:20] NOTICE: Terminating ...
[19-Feb-2023 17:54:20] NOTICE: Terminating ...
[19-Feb-2023 17:54:20] NOTICE: exiting, bye-bye!
[13-Mar-2023 18:21:03] NOTICE: fpm is running, pid 10411
[13-Mar-2023 18:21:03] NOTICE: ready to handle connections
[14-Mar-2023 00:07:44] NOTICE: Terminating ...
[14-Mar-2023 00:07:44] NOTICE: Terminating ...
[14-Mar-2023 00:07:44] NOTICE: exiting, bye-bye!
[03-May-2023 19:50:01] NOTICE: fpm is running, pid 18768
[03-May-2023 19:50:01] NOTICE: ready to handle connections
[03-May-2023 19:55:19] NOTICE: Terminating ...
[03-May-2023 19:55:19] NOTICE: Terminating ...
[03-May-2023 19:55:19] NOTICE: exiting, bye-bye!
[03-May-2023 19:55:21] NOTICE: fpm is running, pid 19055
[03-May-2023 19:55:21] NOTICE: ready to handle connections
[03-May-2023 19:56:13] NOTICE: Terminating ...
[03-May-2023 19:56:13] NOTICE: Terminating ...
[03-May-2023 19:56:13] NOTICE: exiting, bye-bye!
[03-May-2023 19:56:14] NOTICE: fpm is running, pid 19104
[03-May-2023 19:56:14] NOTICE: ready to handle connections
[03-May-2023 20:09:33] NOTICE: Terminating ...
[03-May-2023 20:09:33] NOTICE: Terminating ...
[03-May-2023 20:09:33] NOTICE: exiting, bye-bye!
[03-May-2023 20:09:45] NOTICE: fpm is running, pid 19367
[03-May-2023 20:09:45] NOTICE: ready to handle connections
[03-May-2023 20:10:01] NOTICE: Terminating ...
[03-May-2023 20:10:01] NOTICE: Terminating ...
[03-May-2023 20:10:01] NOTICE: exiting, bye-bye!
[03-May-2023 20:10:02] NOTICE: fpm is running, pid 19406
[03-May-2023 20:10:02] NOTICE: ready to handle connections
[03-May-2023 22:20:00] NOTICE: Terminating ...
[03-May-2023 22:20:00] NOTICE: Terminating ...
[03-May-2023 22:20:00] NOTICE: exiting, bye-bye!
[06-May-2023 13:17:24] NOTICE: fpm is running, pid 1708
[06-May-2023 13:17:24] NOTICE: ready to handle connections
[06-May-2023 15:57:37] NOTICE: Terminating ...
[06-May-2023 15:57:37] NOTICE: Terminating ...
[06-May-2023 15:57:37] NOTICE: exiting, bye-bye!
[03-Jan-2024 16:51:54] NOTICE: fpm is running, pid 9636
[03-Jan-2024 16:51:54] ERROR: Another FPM instance seems to already listen on /Users/rifqimuhammad/Library/Application Support/Local/run/qkYEQfXmo/php/php-fpm.socket
[03-Jan-2024 16:51:54] ERROR: FPM initialization failed
[03-Jan-2024 16:51:54] NOTICE: ready to handle connections
[03-Jan-2024 16:51:55] ERROR: Another FPM instance seems to already listen on /Users/rifqimuhammad/Library/Application Support/Local/run/qkYEQfXmo/php/php-fpm.socket
[03-Jan-2024 16:51:55] ERROR: FPM initialization failed
[03-Jan-2024 16:51:55] ERROR: Another FPM instance seems to already listen on /Users/rifqimuhammad/Library/Application Support/Local/run/qkYEQfXmo/php/php-fpm.socket
[03-Jan-2024 16:51:55] ERROR: FPM initialization failed
[03-Jan-2024 16:51:56] ERROR: Another FPM instance seems to already listen on /Users/rifqimuhammad/Library/Application Support/Local/run/qkYEQfXmo/php/php-fpm.socket
[03-Jan-2024 16:51:56] ERROR: FPM initialization failed
[03-Jan-2024 18:13:41] NOTICE: Terminating ...
[03-Jan-2024 18:13:41] NOTICE: Terminating ...
[03-Jan-2024 18:13:41] NOTICE: exiting, bye-bye!
[13-Oct-2024 17:43:12] NOTICE: fpm is running, pid 57991
[13-Oct-2024 17:43:12] NOTICE: ready to handle connections
[13-Oct-2024 17:43:19] NOTICE: Terminating ...
[13-Oct-2024 17:43:19] NOTICE: exiting, bye-bye!
[13-Oct-2024 17:43:35] NOTICE: fpm is running, pid 58100
[13-Oct-2024 17:43:35] NOTICE: ready to handle connections
[13-Oct-2024 17:43:43] NOTICE: Terminating ...
[13-Oct-2024 17:43:43] NOTICE: exiting, bye-bye!
[13-Oct-2024 17:44:05] NOTICE: fpm is running, pid 58177
[13-Oct-2024 17:44:05] NOTICE: ready to handle connections
[13-Oct-2024 18:25:51] NOTICE: Terminating ...
[13-Oct-2024 18:25:51] NOTICE: Terminating ...
[13-Oct-2024 18:25:51] NOTICE: exiting, bye-bye!
[13-Oct-2024 18:25:55] NOTICE: fpm is running, pid 60500
[13-Oct-2024 18:25:55] NOTICE: ready to handle connections
[13-Oct-2024 18:32:55] NOTICE: Terminating ...
[13-Oct-2024 18:32:55] NOTICE: Terminating ...
[13-Oct-2024 18:32:55] NOTICE: exiting, bye-bye!
[13-Oct-2024 18:35:29] NOTICE: fpm is running, pid 61670
[13-Oct-2024 18:35:29] NOTICE: ready to handle connections
[13-Oct-2024 18:35:38] NOTICE: Terminating ...
[13-Oct-2024 18:35:38] NOTICE: Terminating ...
[13-Oct-2024 18:35:38] NOTICE: exiting, bye-bye!
[13-Oct-2024 18:35:40] NOTICE: fpm is running, pid 61807
[13-Oct-2024 18:35:40] NOTICE: ready to handle connections
[13-Oct-2024 18:52:40] NOTICE: Terminating ...
[13-Oct-2024 18:52:40] NOTICE: Terminating ...
[13-Oct-2024 18:52:40] NOTICE: exiting, bye-bye!
[13-Oct-2024 18:53:45] NOTICE: fpm is running, pid 62900
[13-Oct-2024 18:53:45] NOTICE: ready to handle connections
